unity_project/builds/Tripp_Trial/build/outputs/logs/manifest-merger-debug-report.txt
-- Merging decision tree log ---
manifest
ADDED from src/main/AndroidManifest.xml:2:1-15:12
INJECTED from src/main/AndroidManifest.xml:2:1-15:12
INJECTED from src/main/AndroidManifest.xml:2:1-15:12
INJECTED from src/main/AndroidManifest.xml:2:1-15:12
INJECTED from src/main/AndroidManifest.xml:2:1-15:12
INJECTED from src/main/AndroidManifest.xml:2:1-15:12
INJECTED from src/main/AndroidManifest.xml:2:1-15:12
	package
		ADDED from src/main/AndroidManifest.xml:2:70-104
		INJECTED from src/main/AndroidManifest.xml
		INJECTED from src/main/AndroidManifest.xml
	android:versionName
		INJECTED from src/main/AndroidManifest.xml
		ADDED from src/main/AndroidManifest.xml:2:1-15:12
		INJECTED from src/main/AndroidManifest.xml
	xmlns:tools
		ADDED from src/main/AndroidManifest.xml:2:105-151
	android:versionCode
		INJECTED from src/main/AndroidManifest.xml
		ADDED from src/main/AndroidManifest.xml:2:1-15:12
		INJECTED from src/main/AndroidManifest.xml
	xmlns:android
		ADDED from src/main/AndroidManifest.xml:2:11-69
	android:installLocation
		ADDED from src/main/AndroidManifest.xml:2:152-182
supports-screens
ADDED from src/main/AndroidManifest.xml:3:3-163
	android:largeScreens
		ADDED from src/main/AndroidManifest.xml:3:78-105
	android:smallScreens
		ADDED from src/main/AndroidManifest.xml:3:21-48
	android:normalScreens
		ADDED from src/main/AndroidManifest.xml:3:49-77
	android:xlargeScreens
		ADDED from src/main/AndroidManifest.xml:3:106-134
	android:anyDensity
		ADDED from src/main/AndroidManifest.xml:3:135-160
application
ADDED from src/main/AndroidManifest.xml:4:3-10:17
	android:label
		ADDED from src/main/AndroidManifest.xml:4:90-122
	android:icon
		ADDED from src/main/AndroidManifest.xml:4:58-89
	android:theme
		ADDED from src/main/AndroidManifest.xml:4:16-57
meta-data#unity.build-id
ADDED from src/main/AndroidManifest.xml:5:5-101
	android:value
		ADDED from src/main/AndroidManifest.xml:5:46-98
	android:name
		ADDED from src/main/AndroidManifest.xml:5:16-45
meta-data#unity.splash-mode
ADDED from src/main/AndroidManifest.xml:6:5-69
	android:value
		ADDED from src/main/AndroidManifest.xml:6:49-66
	android:name
		ADDED from src/main/AndroidManifest.xml:6:16-48
meta-data#unity.splash-enable
ADDED from src/main/AndroidManifest.xml:7:5-74
	android:value
		ADDED from src/main/AndroidManifest.xml:7:51-71
	android:name
		ADDED from src/main/AndroidManifest.xml:7:16-50
meta-data#notch.config
ADDED from src/main/AndroidManifest.xml:8:5-81
	android:value
		ADDED from src/main/AndroidManifest.xml:8:44-78
	android:name
		ADDED from src/main/AndroidManifest.xml:8:16-43
meta-data#com.samsung.android.vr.application.mode
ADDED from src/main/AndroidManifest.xml:9:5-97
	android:value
		ADDED from src/main/AndroidManifest.xml:9:71-94
	android:name
		ADDED from src/main/AndroidManifest.xml:9:16-70
uses-feature#0x00030000
ADDED from src/main/AndroidManifest.xml:11:3-52
	android:glEsVersion
		ADDED from src/main/AndroidManifest.xml:11:17-49
uses-feature#android.hardware.touchscreen
ADDED from src/main/AndroidManifest.xml:12:3-88
	android:required
		ADDED from src/main/AndroidManifest.xml:12:61-85
	android:name
		ADDED from src/main/AndroidManifest.xml:12:17-60
uses-feature#android.hardware.touchscreen.multitouch
ADDED from src/main/AndroidManifest.xml:13:3-99
	android:required
		ADDED from src/main/AndroidManifest.xml:13:72-96
	android:name
		ADDED from src/main/AndroidManifest.xml:13:17-71
uses-feature#android.hardware.touchscreen.multitouch.distinct
ADDED from src/main/AndroidManifest.xml:14:3-108
	android:required
		ADDED from src/main/AndroidManifest.xml:14:81-105
	android:name
		ADDED from src/main/AndroidManifest.xml:14:17-80
uses-sdk
INJECTED from src/main/AndroidManifest.xml reason: use-sdk injection requested
INJECTED from src/main/AndroidManifest.xml
INJECTED from src/main/AndroidManifest.xml
INJECTED from src/main/AndroidManifest.xml
INJECTED from src/main/AndroidManifest.xml
	android:targetSdkVersion
		INJECTED from src/main/AndroidManifest.xml
		ADDED from src/main/AndroidManifest.xml
		INJECTED from src/main/AndroidManifest.xml
	android:minSdkVersion
		INJECTED from src/main/AndroidManifest.xml
		ADDED from src/main/AndroidManifest.xml
		INJECTED from src/main/AndroidManifest.xml